[2026-06-02 03:03:08] INFO: Orquestador iniciado en puerto 3001
[2026-06-02 03:03:08] INFO: UI: http://localhost:3001
[2026-06-02 03:03:08] INFO: Health: http://localhost:3001/health
[2026-06-02 03:20:04] INFO: Orquestador iniciado en puerto 3001
[2026-06-02 03:20:04] INFO: UI: http://localhost:3001
[2026-06-02 03:20:04] INFO: Health: http://localhost:3001/health
[2026-06-02 03:21:16] INFO: Nueva tarea — Job 396ed12d-e12e-4b00-adbe-2f554dba31c0 — zebrano: "Implementar la conversión de cotización a orden de trabajo: al aprobar una cotización, crear automáticamente un registro en historial_compras y en ordenes_trabajo con todos los datos del cliente y los ítems cotizados"
[2026-06-02 03:21:16] INFO: JOB 396ed12d-e12e-4b00-adbe-2f554dba31c0 — Proyecto: zebrano — Tarea: Implementar la conversión de cotización a orden de trabajo: al aprobar una cotización, crear automáticamente un registro en historial_compras y en ordenes_trabajo con todos los datos del cliente y los ítems cotizados
[2026-06-02 03:21:16] INFO: [zebrano] Contexto cargado — 1791 caracteres
[2026-06-02 03:21:16] INFO: [zebrano] Llamando agente: Planner Agent
[2026-06-02 03:21:31] INFO: [zebrano] Planner Agent completó — 2861 chars
[2026-06-02 03:21:31] INFO: Plan generado — 7 subtareas
[2026-06-02 03:21:31] INFO: [zebrano] Llamando agente: Backend Agent
[2026-06-02 03:22:05] INFO: [zebrano] Backend Agent completó — 8926 chars
[2026-06-02 03:22:05] WARN: No se pudo parsear JSON de la respuesta
[2026-06-02 03:22:05] INFO: [zebrano] Llamando agente: Backend Agent
[2026-06-02 03:22:46] INFO: [zebrano] Backend Agent completó — 10620 chars
[2026-06-02 03:22:46] WARN: No se pudo parsear JSON de la respuesta
[2026-06-02 03:22:46] INFO: [zebrano] Llamando agente: Backend Agent
[2026-06-02 03:23:11] INFO: [zebrano] Backend Agent completó — 5905 chars
[2026-06-02 03:23:11] INFO: [zebrano] Llamando agente: Frontend Agent
[2026-06-02 03:24:00] INFO: [zebrano] Frontend Agent completó — 13689 chars
[2026-06-02 03:24:00] WARN: No se pudo parsear JSON de la respuesta
[2026-06-02 03:24:00] INFO: [zebrano] Llamando agente: Frontend Agent
[2026-06-02 03:24:47] INFO: [zebrano] Frontend Agent completó — 12043 chars
[2026-06-02 03:24:47] WARN: No se pudo parsear JSON de la respuesta
[2026-06-02 03:24:47] INFO: [zebrano] Llamando agente: QA Agent
[2026-06-02 03:25:49] INFO: [zebrano] QA Agent completó — 13958 chars
[2026-06-02 03:25:49] WARN: No se pudo parsear JSON de la respuesta
[2026-06-02 03:25:49] INFO: [zebrano] Llamando agente: Reviewer Agent
[2026-06-02 03:26:12] INFO: [zebrano] Reviewer Agent completó — 3767 chars
[2026-06-02 03:26:12] WARN: No se pudo parsear JSON de la respuesta
[2026-06-02 03:26:12] INFO: [zebrano] CONTEXT.md actualizado
[2026-06-02 03:26:12] INFO: JOB 396ed12d-e12e-4b00-adbe-2f554dba31c0 COMPLETADO
[2026-06-02 03:26:12] WARN: Callback Alfred falló: Request failed with status code 404
[2026-06-02 13:01:08] INFO: Orquestador iniciado en puerto 3001
[2026-06-02 13:01:08] INFO: UI: http://localhost:3001
[2026-06-02 13:01:08] INFO: Health: http://localhost:3001/health
[2026-06-03 01:23:27] INFO: Orquestador iniciado en puerto 3001
[2026-06-03 01:23:27] INFO: UI: http://localhost:3001
[2026-06-03 01:23:27] INFO: Health: http://localhost:3001/health
[2026-06-03 01:34:18] INFO: Orquestador iniciado en puerto 3001
[2026-06-03 01:34:18] INFO: UI: http://localhost:3001
[2026-06-03 01:34:18] INFO: Health: http://localhost:3001/health
[2026-06-03 01:36:10] INFO: Nueva tarea — Job 85176029-4f1f-4e20-ad44-7d9545ff3329 — zebrano: "Leer /home/agentes/index.js y agregar "kensei" al dropdown del dashboard HTML en /home/agentes/public/kensei-dashboard.html. También mejorar el dashboard: aumentar fuente base a 15px, hacer tarjetas de status más compactas (max 3 columnas, no que ocupen todo el ancho), y reemplazar el logo con texto SVG estilizado KENSEI en estilo metálico. Guardar los cambios directamente en los archivos del servidor."
[2026-06-03 01:36:10] INFO: JOB 85176029-4f1f-4e20-ad44-7d9545ff3329 — Proyecto: zebrano — Tarea: Leer /home/agentes/index.js y agregar "kensei" al dropdown del dashboard HTML en /home/agentes/public/kensei-dashboard.html. También mejorar el dashboard: aumentar fuente base a 15px, hacer tarjetas de status más compactas (max 3 columnas, no que ocupen todo el ancho), y reemplazar el logo con texto SVG estilizado KENSEI en estilo metálico. Guardar los cambios directamente en los archivos del servidor.
[2026-06-03 01:36:10] INFO: [zebrano] Contexto cargado — 2163 caracteres
[2026-06-03 01:36:10] INFO: [zebrano] Llamando agente: Planner Agent
[2026-06-03 01:36:17] INFO: [zebrano] Planner Agent completó — 1405 chars
[2026-06-03 01:36:17] INFO: Plan generado — 1 subtareas
[2026-06-03 01:36:17] INFO: [zebrano] Llamando agente: Reviewer Agent
[2026-06-03 01:36:27] INFO: [zebrano] Reviewer Agent completó — 1720 chars
[2026-06-03 01:36:28] INFO: [zebrano] CONTEXT.md actualizado
[2026-06-03 01:36:28] INFO: JOB 85176029-4f1f-4e20-ad44-7d9545ff3329 COMPLETADO
[2026-06-03 01:36:28] WARN: Callback Alfred falló: Request failed with status code 404
[2026-06-03 01:40:05] INFO: Nueva tarea — Job db9c42ef-91f6-49dc-96c5-138e52818e4c — zebrano: "Mejorar el dashboard en /home/agentes/public/kensei-dashboard.html: 1) Agregar Kensei en el sidebar izquierdo bajo la sección Proyectos con badge color azul. 2) Aumentar fuente base a 15px. 3) Tarjetas de estado con max-width de 200px para que no se estiren. Guardar los cambios directamente en el archivo."
[2026-06-03 01:40:05] INFO: JOB db9c42ef-91f6-49dc-96c5-138e52818e4c — Proyecto: zebrano — Tarea: Mejorar el dashboard en /home/agentes/public/kensei-dashboard.html: 1) Agregar Kensei en el sidebar izquierdo bajo la sección Proyectos con badge color azul. 2) Aumentar fuente base a 15px. 3) Tarjetas de estado con max-width de 200px para que no se estiren. Guardar los cambios directamente en el archivo.
[2026-06-03 01:40:05] INFO: [zebrano] Contexto cargado — 2701 caracteres
[2026-06-03 01:40:05] INFO: [zebrano] Llamando agente: Planner Agent
[2026-06-03 01:40:13] INFO: [zebrano] Planner Agent completó — 1367 chars
[2026-06-03 01:40:13] INFO: Plan generado — 1 subtareas
[2026-06-03 01:40:13] INFO: [zebrano] Llamando agente: Reviewer Agent
[2026-06-03 01:40:28] INFO: Nueva tarea — Job c89318c7-17f5-4643-a6cb-e85fbe28fb1a — kensei: "Mejorar el dashboard en /home/agentes/public/kensei-dashboard.html: 1) Agregar Kensei en el sidebar izquierdo bajo la sección Proyectos con badge color azul. 2) Aumentar fuente base a 15px. 3) Tarjetas de estado con max-width de 200px para que no se estiren. Guardar los cambios directamente en el archivo."
[2026-06-03 01:40:28] INFO: JOB c89318c7-17f5-4643-a6cb-e85fbe28fb1a — Proyecto: kensei — Tarea: Mejorar el dashboard en /home/agentes/public/kensei-dashboard.html: 1) Agregar Kensei en el sidebar izquierdo bajo la sección Proyectos con badge color azul. 2) Aumentar fuente base a 15px. 3) Tarjetas de estado con max-width de 200px para que no se estiren. Guardar los cambios directamente en el archivo.
[2026-06-03 01:40:28] INFO: [kensei] Contexto cargado — 2353 caracteres
[2026-06-03 01:40:28] INFO: [kensei] Llamando agente: Planner Agent
[2026-06-03 01:40:39] INFO: [kensei] Planner Agent completó — 2151 chars
[2026-06-03 01:40:39] INFO: Plan generado — 3 subtareas
[2026-06-03 01:40:39] INFO: [kensei] Llamando agente: Frontend Agent
[2026-06-03 01:41:23] INFO: [zebrano] Reviewer Agent completó — 19272 chars
[2026-06-03 01:41:23] WARN: No se pudo parsear JSON de la respuesta
[2026-06-03 01:41:23] INFO: [zebrano] CONTEXT.md actualizado
[2026-06-03 01:41:23] INFO: JOB db9c42ef-91f6-49dc-96c5-138e52818e4c COMPLETADO
[2026-06-03 01:41:24] WARN: Callback Alfred falló: Request failed with status code 404
[2026-06-03 01:41:32] INFO: [kensei] Frontend Agent completó — 17257 chars
[2026-06-03 01:41:32] WARN: No se pudo parsear JSON de la respuesta
[2026-06-03 01:41:32] INFO: [kensei] Llamando agente: QA Agent
[2026-06-03 01:41:43] INFO: [kensei] QA Agent completó — 1703 chars
[2026-06-03 01:41:43] INFO: [kensei] Llamando agente: Reviewer Agent
[2026-06-03 01:41:53] INFO: [kensei] Reviewer Agent completó — 1495 chars
[2026-06-03 01:41:53] INFO: [kensei] CONTEXT.md actualizado
[2026-06-03 01:41:53] INFO: JOB c89318c7-17f5-4643-a6cb-e85fbe28fb1a COMPLETADO
[2026-06-03 01:41:53] WARN: Callback Alfred falló: Request failed with status code 404
[2026-06-03 01:43:43] INFO: Nueva tarea — Job 4df78ddd-d2e3-4f9c-a777-f643bfc4f514 — kensei: "Modificar /home/agentes/orchestrator.js para agregar una herramienta de escritura de archivos que los agentes puedan usar. Cuando un agente genera código para un archivo específico del servidor (como /home/agentes/public/kensei-dashboard.html), el orquestador debe detectarlo en los metadatos del resultado y escribir el archivo automáticamente. Los agentes deben incluir en su JSON final el campo "archivo_destino" con la ruta absoluta y "contenido" con el código completo a escribir."
[2026-06-03 01:43:43] INFO: JOB 4df78ddd-d2e3-4f9c-a777-f643bfc4f514 — Proyecto: kensei — Tarea: Modificar /home/agentes/orchestrator.js para agregar una herramienta de escritura de archivos que los agentes puedan usar. Cuando un agente genera código para un archivo específico del servidor (como /home/agentes/public/kensei-dashboard.html), el orquestador debe detectarlo en los metadatos del resultado y escribir el archivo automáticamente. Los agentes deben incluir en su JSON final el campo "archivo_destino" con la ruta absoluta y "contenido" con el código completo a escribir.
[2026-06-03 01:43:43] INFO: [kensei] Contexto cargado — 2806 caracteres
[2026-06-03 01:43:43] INFO: [kensei] Llamando agente: Planner Agent
[2026-06-03 01:43:57] INFO: [kensei] Planner Agent completó — 2890 chars
[2026-06-03 01:43:57] INFO: Plan generado — 4 subtareas
[2026-06-03 01:43:57] INFO: [kensei] Llamando agente: Backend Agent
[2026-06-03 01:44:48] INFO: [kensei] Backend Agent completó — 14212 chars
[2026-06-03 01:44:48] WARN: No se pudo parsear JSON de la respuesta
[2026-06-03 01:44:48] INFO: [kensei] Llamando agente: Backend Agent
[2026-06-03 01:45:39] INFO: [kensei] Backend Agent completó — 12723 chars
[2026-06-03 01:45:39] WARN: No se pudo parsear JSON de la respuesta
[2026-06-03 01:45:39] INFO: [kensei] Llamando agente: QA Agent
[2026-06-03 01:46:15] INFO: [kensei] QA Agent completó — 10504 chars
[2026-06-03 01:46:15] WARN: No se pudo parsear JSON de la respuesta
[2026-06-03 01:46:15] INFO: [kensei] Llamando agente: Reviewer Agent
[2026-06-03 01:46:32] INFO: [kensei] Reviewer Agent completó — 2888 chars
[2026-06-03 01:46:32] WARN: No se pudo parsear JSON de la respuesta
[2026-06-03 01:46:32] INFO: [kensei] CONTEXT.md actualizado
[2026-06-03 01:46:32] INFO: JOB 4df78ddd-d2e3-4f9c-a777-f643bfc4f514 COMPLETADO
[2026-06-03 01:46:32] WARN: Callback Alfred falló: Request failed with status code 404
[2026-06-03 01:48:13] INFO: Nueva tarea — Job 25558d8f-2a96-4d79-aa87-56af670a66ae — kensei: "Agregar en /home/agentes/public/kensei-dashboard.html una animación visual en el registro de misiones: cuando un job está EN COLA o EJECUTANDO, mostrar un indicador pulsante con el nombre del agente activo y un contador de tiempo transcurrido en segundos. El status debe actualizarse automáticamente cada 3 segundos consultando GET /status/:jobId sin recargar la página."
[2026-06-03 01:48:13] INFO: JOB 25558d8f-2a96-4d79-aa87-56af670a66ae — Proyecto: kensei — Tarea: Agregar en /home/agentes/public/kensei-dashboard.html una animación visual en el registro de misiones: cuando un job está EN COLA o EJECUTANDO, mostrar un indicador pulsante con el nombre del agente activo y un contador de tiempo transcurrido en segundos. El status debe actualizarse automáticamente cada 3 segundos consultando GET /status/:jobId sin recargar la página.
[2026-06-03 01:48:13] INFO: [kensei] Contexto cargado — 3437 caracteres
[2026-06-03 01:48:13] INFO: [kensei] Llamando agente: Planner Agent
[2026-06-03 01:48:27] INFO: [kensei] Planner Agent completó — 2812 chars
[2026-06-03 01:48:27] INFO: Plan generado — 4 subtareas
[2026-06-03 01:48:27] INFO: [kensei] Llamando agente: Backend Agent
[2026-06-03 01:49:10] INFO: [kensei] Backend Agent completó — 12219 chars
[2026-06-03 01:49:10] WARN: No se pudo parsear JSON de la respuesta
[2026-06-03 01:49:10] INFO: [kensei] Llamando agente: Frontend Agent
[2026-06-03 01:50:38] INFO: [kensei] Frontend Agent completó — 30398 chars
[2026-06-03 01:50:38] WARN: No se pudo parsear JSON de la respuesta
[2026-06-03 01:50:38] INFO: [kensei] Llamando agente: QA Agent
[2026-06-03 01:51:08] INFO: [kensei] QA Agent completó — 6869 chars
[2026-06-03 01:51:08] WARN: No se pudo parsear JSON de la respuesta
[2026-06-03 01:51:08] INFO: [kensei] Llamando agente: Reviewer Agent
[2026-06-03 01:51:29] INFO: [kensei] Reviewer Agent completó — 3801 chars
[2026-06-03 01:51:29] WARN: No se pudo parsear JSON de la respuesta
[2026-06-03 01:51:29] INFO: [kensei] CONTEXT.md actualizado
[2026-06-03 01:51:29] INFO: JOB 25558d8f-2a96-4d79-aa87-56af670a66ae COMPLETADO
[2026-06-03 01:51:29] WARN: Callback Alfred falló: Request failed with status code 404
[2026-06-03 01:53:07] INFO: Nueva tarea — Job 2f56a515-84f3-4356-a877-8c6d4cf3b8db — kensei: "Modificar /home/agentes/orchestrator.js para agregar escritura automática de archivos. Después de que cada agente complete su subtarea, el orquestador debe buscar en el texto de respuesta bloques con formato ```filepath:/ruta/al/archivo y escribir ese contenido directamente al disco usando fs.writeFile. Implementar esto y reiniciar con pm2 restart orquestador."
[2026-06-03 01:53:07] INFO: JOB 2f56a515-84f3-4356-a877-8c6d4cf3b8db — Proyecto: kensei — Tarea: Modificar /home/agentes/orchestrator.js para agregar escritura automática de archivos. Después de que cada agente complete su subtarea, el orquestador debe buscar en el texto de respuesta bloques con formato ```filepath:/ruta/al/archivo y escribir ese contenido directamente al disco usando fs.writeFile. Implementar esto y reiniciar con pm2 restart orquestador.
[2026-06-03 01:53:07] INFO: [kensei] Contexto cargado — 3963 caracteres
[2026-06-03 01:53:07] INFO: [kensei] Llamando agente: Planner Agent
[2026-06-03 01:53:20] INFO: [kensei] Planner Agent completó — 2818 chars
[2026-06-03 01:53:20] INFO: Plan generado — 4 subtareas
[2026-06-03 01:53:20] INFO: [kensei] Llamando agente: Backend Agent
[2026-06-03 01:53:53] INFO: [kensei] Backend Agent completó — 8555 chars
[2026-06-03 01:53:53] WARN: No se pudo parsear JSON de la respuesta
[2026-06-03 01:53:53] INFO: [kensei] Llamando agente: Backend Agent
[2026-06-03 01:54:26] INFO: [kensei] Backend Agent completó — 8550 chars
[2026-06-03 01:54:26] WARN: No se pudo parsear JSON de la respuesta
[2026-06-03 01:54:26] INFO: [kensei] Llamando agente: QA Agent
[2026-06-03 01:54:57] INFO: [kensei] QA Agent completó — 5199 chars
[2026-06-03 01:54:57] WARN: No se pudo parsear JSON de la respuesta
[2026-06-03 01:54:57] INFO: [kensei] Llamando agente: Backend Agent
[2026-06-03 01:55:07] INFO: [kensei] Backend Agent completó — 1532 chars
[2026-06-03 01:55:07] INFO: [kensei] CONTEXT.md actualizado
[2026-06-03 01:55:07] INFO: JOB 2f56a515-84f3-4356-a877-8c6d4cf3b8db COMPLETADO
[2026-06-03 01:55:07] WARN: Callback Alfred falló: Request failed with status code 404
[2026-06-03 01:56:33] INFO: Orquestador iniciado en puerto 3001
[2026-06-03 01:56:33] INFO: UI: http://localhost:3001
[2026-06-03 01:56:33] INFO: Health: http://localhost:3001/health
[2026-06-03 02:00:27] INFO: Nueva tarea — Job be8e9986-b156-4ee0-895f-8215afd87845 — kensei: "Modificar /home/agentes/orchestrator.js agregando escritura automática de archivos. Al finalizar cada subtarea, el orquestador debe leer del campo "codigo" del resultado si contiene un bloque con este formato exacto:

ARCHIVO:/home/agentes/ruta/archivo.js
[contenido completo del archivo]
FIN_ARCHIVO

Si encuentra ese patrón, debe escribir el contenido en esa ruta con fs.writeFile. Incluir el orchestrator.js completo modificado usando ese mismo formato para que el script apply-job.sh lo detecte y lo aplique."
[2026-06-03 02:00:27] INFO: JOB be8e9986-b156-4ee0-895f-8215afd87845 — Proyecto: kensei — Tarea: Modificar /home/agentes/orchestrator.js agregando escritura automática de archivos. Al finalizar cada subtarea, el orquestador debe leer del campo "codigo" del resultado si contiene un bloque con este formato exacto:

ARCHIVO:/home/agentes/ruta/archivo.js
[contenido completo del archivo]
FIN_ARCHIVO

Si encuentra ese patrón, debe escribir el contenido en esa ruta con fs.writeFile. Incluir el orchestrator.js completo modificado usando ese mismo formato para que el script apply-job.sh lo detecte y lo aplique.
[2026-06-03 02:00:27] INFO: [kensei] Contexto cargado — 4461 caracteres
[2026-06-03 02:00:27] INFO: [kensei] Llamando agente: Planner Agent
[2026-06-03 02:00:51] INFO: [kensei] Planner Agent completó — 3953 chars
[2026-06-03 02:00:51] INFO: Plan generado — 3 subtareas
[2026-06-03 02:00:51] INFO: [kensei] Llamando agente: Backend Agent
[2026-06-03 02:01:40] INFO: [kensei] Backend Agent completó — 10409 chars
[2026-06-03 02:01:40] WARN: No se pudo parsear JSON de la respuesta
[2026-06-03 02:01:40] INFO: [kensei] Llamando agente: QA Agent
[2026-06-03 02:02:15] INFO: [kensei] QA Agent completó — 5815 chars
[2026-06-03 02:02:15] WARN: No se pudo parsear JSON de la respuesta
[2026-06-03 02:02:15] INFO: [kensei] Llamando agente: Reviewer Agent
[2026-06-03 02:02:37] INFO: [kensei] Reviewer Agent completó — 2941 chars
[2026-06-03 02:02:37] INFO: [kensei] CONTEXT.md actualizado
[2026-06-03 02:02:37] INFO: JOB be8e9986-b156-4ee0-895f-8215afd87845 COMPLETADO
[2026-06-03 02:02:37] WARN: Callback Alfred falló: Request failed with status code 404
[2026-06-03 02:07:52] INFO: Orquestador iniciado en puerto 3001
[2026-06-03 02:07:52] INFO: UI: http://localhost:3001
[2026-06-03 02:07:52] INFO: Health: http://localhost:3001/health
[2026-06-03 02:10:08] INFO: Orquestador iniciado en puerto 3001
[2026-06-03 02:10:08] INFO: UI: http://localhost:3001
[2026-06-03 02:10:08] INFO: Health: http://localhost:3001/health
[2026-06-03 02:10:32] INFO: Nueva tarea — Job e2b83203-9505-4313-bf21-d6ebd011fb23 — kensei: "Usando el formato exacto ARCHIVO:/ruta/completa FIN_ARCHIVO, escribir el kensei-dashboard.html completo en /home/agentes/public/kensei-dashboard.html con estas mejoras: 1) Agregar Kensei en sidebar izquierdo bajo Proyectos con badge azul, 2) fuente base 15px, 3) tarjetas de estado máximo 3 columnas con max-width 220px, 4) auto-refresh del registro de misiones cada 5 segundos consultando GET /jobs con el token."
[2026-06-03 02:10:32] INFO: JOB e2b83203-9505-4313-bf21-d6ebd011fb23 — Proyecto: kensei — Tarea: Usando el formato exacto ARCHIVO:/ruta/completa FIN_ARCHIVO, escribir el kensei-dashboard.html completo en /home/agentes/public/kensei-dashboard.html con estas mejoras: 1) Agregar Kensei en sidebar izquierdo bajo Proyectos con badge azul, 2) fuente base 15px, 3) tarjetas de estado máximo 3 columnas con max-width 220px, 4) auto-refresh del registro de misiones cada 5 segundos consultando GET /jobs con el token.
[2026-06-03 02:10:32] INFO: [kensei] Contexto cargado — 5119 caracteres
[2026-06-03 02:10:32] INFO: [kensei] Llamando agente: Planner Agent
[2026-06-03 02:10:55] INFO: [kensei] Planner Agent completó — 3881 chars
[2026-06-03 02:10:55] INFO: Plan generado — 3 subtareas
[2026-06-03 02:10:55] INFO: [kensei] Llamando agente: Frontend Agent
[2026-06-03 02:11:52] INFO: [kensei] Frontend Agent completó — 17351 chars
[2026-06-03 02:11:52] WARN: No se pudo parsear JSON de la respuesta
[2026-06-03 02:11:52] INFO: [kensei] Llamando agente: QA Agent
[2026-06-03 02:12:17] INFO: [kensei] QA Agent completó — 4331 chars
[2026-06-03 02:12:17] INFO: [kensei] Llamando agente: Reviewer Agent
[2026-06-03 02:12:42] INFO: [kensei] Reviewer Agent completó — 3757 chars
[2026-06-03 02:12:42] INFO: [kensei] CONTEXT.md actualizado
[2026-06-03 02:12:42] INFO: JOB e2b83203-9505-4313-bf21-d6ebd011fb23 COMPLETADO
[2026-06-03 02:12:42] INFO: apply-job ejecutado
[2026-06-03 02:12:42] WARN: Callback Alfred falló: Request failed with status code 404
[2026-06-03 02:28:28] INFO: Orquestador iniciado en puerto 3001
[2026-06-03 02:28:28] INFO: UI: http://localhost:3001
[2026-06-03 02:28:28] INFO: Health: http://localhost:3001/health
